<?xml version="1.0" encoding="UTF-8"?>
<!-- Generated by org.testng.reporters.JUnitXMLReporter -->
<testsuite hostname="Mypc" name="on Firefox" tests="1" failures="1" timestamp="15 Sep 2016 02:54:42 GMT" time="74.927" errors="0">
  <testcase name="grid" time="74.774" classname="Grid.grideg1">
    <failure type="org.openqa.selenium.NoSuchWindowException" message="Window not found. The browser window may have been closed.
Build info: version: &amp;apos;2.53.1&amp;apos;, revision: &amp;apos;a36b8b1&amp;apos;, time: &amp;apos;2016-06-30 17:37:03&amp;apos;
System info: host: &amp;apos;Mypc&amp;apos;, ip: &amp;apos;192.168.1.24&amp;apos;, os.name: &amp;apos;Windows 8.1&amp;apos;, os.arch: &amp;apos;amd64&amp;apos;, os.version: &amp;apos;6.3&amp;apos;, java.version: &amp;apos;1.8.0_101&amp;apos;
Driver info: driver.version: unknown
Command duration or timeout: 2.22 seconds
Build info: version: &amp;apos;2.53.1&amp;apos;, revision: &amp;apos;a36b8b1&amp;apos;, time: &amp;apos;2016-06-30 17:37:03&amp;apos;
System info: host: &amp;apos;Mypc&amp;apos;, ip: &amp;apos;192.168.1.24&amp;apos;, os.name: &amp;apos;Windows 8.1&amp;apos;, os.arch: &amp;apos;amd64&amp;apos;, os.version: &amp;apos;6.3&amp;apos;, java.version: &amp;apos;1.7.0_79&amp;apos;
Session ID: db3931ce-e8be-4826-aaa4-8b544c0e66e5
Driver info: org.openqa.selenium.remote.RemoteWebDriver
Capabilities [{platform=WINDOWS, javascriptEnabled=true, acceptSslCerts=true, browserName=firefox, rotatable=false, locationContextEnabled=true, webdriver.remote.sessionid=db3931ce-e8be-4826-aaa4-8b544c0e66e5, version=44.0, cssSelectorsEnabled=true, databaseEnabled=true, handlesAlerts=true, webStorageEnabled=true, nativeEvents=false, applicationCacheEnabled=true, takesScreenshot=true}]">
      <![CDATA[org.openqa.selenium.NoSuchWindowException: Window not found. The browser window may have been closed.
Build info: version: '2.53.1', revision: 'a36b8b1', time: '2016-06-30 17:37:03'
System info: host: 'Mypc', ip: '192.168.1.24', os.name: 'Windows 8.1', os.arch: 'amd64', os.version: '6.3', java.version: '1.8.0_101'
Driver info: driver.version: unknown
Command duration or timeout: 2.22 seconds
Build info: version: '2.53.1', revision: 'a36b8b1', time: '2016-06-30 17:37:03'
System info: host: 'Mypc', ip: '192.168.1.24', os.name: 'Windows 8.1', os.arch: 'amd64', os.version: '6.3', java.version: '1.7.0_79'
Session ID: db3931ce-e8be-4826-aaa4-8b544c0e66e5
Driver info: org.openqa.selenium.remote.RemoteWebDriver
Capabilities [{platform=WINDOWS, javascriptEnabled=true, acceptSslCerts=true, browserName=firefox, rotatable=false, locationContextEnabled=true, webdriver.remote.sessionid=db3931ce-e8be-4826-aaa4-8b544c0e66e5, version=44.0, cssSelectorsEnabled=true, databaseEnabled=true, handlesAlerts=true, webStorageEnabled=true, nativeEvents=false, applicationCacheEnabled=true, takesScreenshot=true}]
	at org.openqa.selenium.remote.ErrorHandler.createThrowable(ErrorHandler.java:206)
	at org.openqa.selenium.remote.ErrorHandler.throwIfResponseFailed(ErrorHandler.java:158)
	at org.openqa.selenium.remote.RemoteWebDriver.execute(RemoteWebDriver.java:678)
	at org.openqa.selenium.remote.RemoteWebElement.execute(RemoteWebElement.java:327)
	at org.openqa.selenium.remote.RemoteWebElement.isSelected(RemoteWebElement.java:159)
	at org.openqa.selenium.support.ui.Select.setSelected(Select.java:321)
	at org.openqa.selenium.support.ui.Select.selectByIndex(Select.java:178)
	at Grid.grideg1.grid(grideg1.java:69)
	at java.util.concurrent.FutureTask.run(Unknown Source)
	at java.util.concurrent.ThreadPoolExecutor.runWorker(Unknown Source)
	at java.util.concurrent.ThreadPoolExecutor$Worker.run(Unknown Source)
	at java.lang.Thread.run(Unknown Source)
Caused by: org.openqa.selenium.remote.ScreenshotException: Screen shot has been taken
Build info: version: '2.53.1', revision: 'a36b8b1', time: '2016-06-30 17:37:03'
System info: host: 'Mypc', ip: '192.168.1.24', os.name: 'Windows 8.1', os.arch: 'amd64', os.version: '6.3', java.version: '1.7.0_79'
Driver info: driver.version: RemoteWebDriver
	at org.openqa.selenium.remote.ErrorHandler.throwIfResponseFailed(ErrorHandler.java:138)
	... 26 more
Caused by: org.openqa.selenium.NoSuchWindowException: Window not found. The browser window may have been closed.
Build info: version: '2.53.1', revision: 'a36b8b1', time: '2016-06-30 17:37:03'
System info: host: 'Mypc', ip: '192.168.1.24', os.name: 'Windows 8.1', os.arch: 'amd64', os.version: '6.3', java.version: '1.8.0_101'
Driver info: driver.version: unknown
Build info: version: '2.53.1', revision: 'a36b8b1', time: '2016-06-30 17:37:03'
System info: host: 'Mypc', ip: '192.168.1.24', os.name: 'Windows 8.1', os.arch: 'amd64', os.version: '6.3', java.version: '1.7.0_79'
Driver info: driver.version: unknown
	at <anonymous class>.nsCommandProcessor.prototype.execute(file:///C:/Users/Dell/AppData/Local/Temp/anonymous7237086789665339982webdriver-profile/extensions/fxdriver@googlecode.com/components/command-processor.js:12715)
	at <anonymous class>.Dispatcher.executeAs/<(file:///C:/Users/Dell/AppData/Local/Temp/anonymous7237086789665339982webdriver-profile/extensions/fxdriver@googlecode.com/components/driver-component.js:9558)
	at <anonymous class>.Resource.prototype.handle(file:///C:/Users/Dell/AppData/Local/Temp/anonymous7237086789665339982webdriver-profile/extensions/fxdriver@googlecode.com/components/driver-component.js:9705)
	at <anonymous class>.Dispatcher.prototype.dispatch(file:///C:/Users/Dell/AppData/Local/Temp/anonymous7237086789665339982webdriver-profile/extensions/fxdriver@googlecode.com/components/driver-component.js:9652)
	at <anonymous class>.WebDriverServer/<.handle(file:///C:/Users/Dell/AppData/Local/Temp/anonymous7237086789665339982webdriver-profile/extensions/fxdriver@googlecode.com/components/driver-component.js:12517)
	at <anonymous class>.createHandlerFunc/<(file:///C:/Users/Dell/AppData/Local/Temp/anonymous7237086789665339982webdriver-profile/extensions/fxdriver@googlecode.com/components/httpd.js:2054)
	at <anonymous class>.ServerHandler.prototype.handleResponse(file:///C:/Users/Dell/AppData/Local/Temp/anonymous7237086789665339982webdriver-profile/extensions/fxdriver@googlecode.com/components/httpd.js:2387)
	at <anonymous class>.Connection.prototype.process(file:///C:/Users/Dell/AppData/Local/Temp/anonymous7237086789665339982webdriver-profile/extensions/fxdriver@googlecode.com/components/httpd.js:1223)
	at <anonymous class>.RequestReader.prototype._handleResponse(file:///C:/Users/Dell/AppData/Local/Temp/anonymous7237086789665339982webdriver-profile/extensions/fxdriver@googlecode.com/components/httpd.js:1677)
	at <anonymous class>.RequestReader.prototype._processBody(file:///C:/Users/Dell/AppData/Local/Temp/anonymous7237086789665339982webdriver-profile/extensions/fxdriver@googlecode.com/components/httpd.js:1525)
	at <anonymous class>.RequestReader.prototype.onInputStreamReady(file:///C:/Users/Dell/AppData/Local/Temp/anonymous7237086789665339982webdriver-profile/extensions/fxdriver@googlecode.com/components/httpd.js:1393)
... Removed 20 stack frames]]>
    </failure>
  </testcase> <!-- grid -->
</testsuite> <!-- on Firefox -->
